<?xml version="1.0" encoding="UTF-8"?>
<testng-results skipped="0" failed="0" ignored="0" total="2" passed="2">
  <reporter-output>
  </reporter-output>
  <suite name="Suite" duration-ms="9764" started-at="2019-03-14T10:14:07Z" finished-at="2019-03-14T10:14:17Z">
    <groups>
    </groups>
    <test name="ChromeTest" duration-ms="5521" started-at="2019-03-14T10:14:07Z" finished-at="2019-03-14T10:14:13Z">
      <class name="day9.GridExample">
        <test-method status="PASS" signature="BeforeTest(java.lang.String)[pri:0, instance:day9.GridExample@224edc67]" name="BeforeTest" is-config="true" duration-ms="3135" started-at="2019-03-14T15:44:07Z" finished-at="2019-03-14T15:44:10Z">
          <params>
            <param index="0">
              <value>
                <![CDATA[chrome]]>
              </value>
            </param>
          </params>
          <reporter-output>
          </reporter-output>
        </test-method> <!-- BeforeTest -->
        <test-method status="PASS" signature="f()[pri:0, instance:day9.GridExample@224edc67]" name="f" duration-ms="2170" started-at="2019-03-14T15:44:10Z" finished-at="2019-03-14T15:44:13Z">
          <reporter-output>
          </reporter-output>
        </test-method> <!-- f -->
        <test-method status="PASS" signature="AfterTest()[pri:0, instance:day9.GridExample@224edc67]" name="AfterTest" is-config="true" duration-ms="169" started-at="2019-03-14T15:44:13Z" finished-at="2019-03-14T15:44:13Z">
          <reporter-output>
          </reporter-output>
        </test-method> <!-- AfterTest -->
      </class> <!-- day9.GridExample -->
    </test> <!-- ChromeTest -->
    <test name="FFTest" duration-ms="9764" started-at="2019-03-14T10:14:07Z" finished-at="2019-03-14T10:14:17Z">
      <class name="day9.GridExample">
        <test-method status="PASS" signature="BeforeTest(java.lang.String)[pri:0, instance:day9.GridExample@6a41eaa2]" name="BeforeTest" is-config="true" duration-ms="4666" started-at="2019-03-14T15:44:07Z" finished-at="2019-03-14T15:44:12Z">
          <params>
            <param index="0">
              <value>
                <![CDATA[firefox]]>
              </value>
            </param>
          </params>
          <reporter-output>
          </reporter-output>
        </test-method> <!-- BeforeTest -->
        <test-method status="PASS" signature="f()[pri:0, instance:day9.GridExample@6a41eaa2]" name="f" duration-ms="3594" started-at="2019-03-14T15:44:12Z" finished-at="2019-03-14T15:44:15Z">
          <reporter-output>
          </reporter-output>
        </test-method> <!-- f -->
        <test-method status="PASS" signature="AfterTest()[pri:0, instance:day9.GridExample@6a41eaa2]" name="AfterTest" is-config="true" duration-ms="1504" started-at="2019-03-14T15:44:15Z" finished-at="2019-03-14T15:44:17Z">
          <reporter-output>
          </reporter-output>
        </test-method> <!-- AfterTest -->
      </class> <!-- day9.GridExample -->
    </test> <!-- FFTest -->
  </suite> <!-- Suite -->
</testng-results>
